<?xml version="1.0" encoding="UTF-8"?>
<!-- Generated by org.testng.reporters.JUnitXMLReporter -->
<testsuite ignored="0" hostname="DESKTOP-TA468OP" failures="0" tests="10" name="Default test" time="88.317" errors="0" timestamp="2024-03-23T15:21:30 EDT">
  <testcase classname="UITesting.WebSiteTests" name="adminViewActiveUsersTest" time="9.56"/>
  <testcase classname="UITesting.WebSiteTests" name="adminViewApprovedDishesTest" time="8.537"/>
  <testcase classname="UITesting.WebSiteTests" name="adminViewDataforActiveUserTest" time="10.726"/>
  <testcase classname="UITesting.WebSiteTests" name="adminViewDataforApprovedDishesTest" time="10.613"/>
  <testcase classname="UITesting.WebSiteTests" name="adminViewDataforInactiveUserTest" time="10.67"/>
  <testcase classname="UITesting.WebSiteTests" name="adminViewDataforUnApprovedDishesTest" time="10.611"/>
  <testcase classname="UITesting.WebSiteTests" name="adminViewInactiveUsersTest" time="8.531"/>
  <testcase classname="UITesting.WebSiteTests" name="adminViewUnApprovedDishesTest" time="8.506"/>
  <testcase classname="UITesting.WebSiteTests" name="forgotPasswordTest" time="4.455"/>
  <testcase classname="UITesting.WebSiteTests" name="userLoginTest" time="4.479"/>
</testsuite> <!-- Default test -->
